<?xml version="1.0" encoding="UTF-8"?>
<testsuite xmlns:xsi="http://www.w3.org/2001/XMLSchema-instance" xsi:noNamespaceSchemaLocation="https://maven.apache.org/surefire/maven-surefire-plugin/xsd/surefire-test-report.xsd" version="3.0.2" name="com.cognizant.jwt_auth.JwtAuthApplicationTests" time="4.163" tests="1" errors="0" skipped="0" failures="0">
  <properties>
[...]
</properties>
  <testcase name="contextLoads" classname="com.cognizant.jwt_auth.JwtAuthApplicationTests" time="1.148">
    <system-out><![CDATA[21:05:09.248 [main] INFO org.springframework.test.context.support.AnnotationConfigContextLoaderUtils -- Could not detect default configuration classes for test class [com.cognizant.jwt_auth.JwtAuthApplicationTests]: JwtAuthApplicationTests does not declare any static, non-private, non-final, nested classes annotated with @Configuration.
21:05:09.467 [main] INFO org.springframework.boot.test.context.SpringBootTestContextBootstrapper -- Found @SpringBootConfiguration com.cognizant.jwt_auth.JwtAuthApplication for test class com.cognizant.jwt_auth.JwtAuthApplicationTests
21:05:09.732 [main] INFO org.springframework.boot.devtools.restart.RestartApplicationListener -- Restart disabled due to context in which it is running

  .   ____          _            __ _ _
 /\\ / ___'_ __ _ _(_)_ __  __ _ \ \ \ \
( ( )\___ | '_ | '_| | '_ \/ _` | \ \ \ \
 \\/  ___)| |_)| | | | | || (_| |  ) ) ) )
  '  |____| .__|_| |_|_| |_\__, | / / / /
 =========|_|==============|___/=/_/_/_/

 :: Spring Boot ::                (v3.5.3)

2025-07-12T21:05:10.178+05:30  INFO 19632 --- [jwt-auth] [           main] c.c.jwt_auth.JwtAuthApplicationTests     : Starting JwtAuthApplicationTests using Java 24.0.1 with PID 19632 (started by sanja in C:\Users\sanja\Desktop\CTS\jwt-auth)
2025-07-12T21:05:10.181+05:30  INFO 19632 --- [jwt-auth] [           main] c.c.jwt_auth.JwtAuthApplicationTests     : No active profile set, falling back to 1 default profile: "default"
2025-07-12T21:05:11.815+05:30  WARN 19632 --- [jwt-auth] [           main] .s.s.UserDetailsServiceAutoConfiguration : 

Using generated security password: 4eefba4c-76f1-44f7-997c-3fa470891bcf

This generated password is for development use only. Your security configuration must be updated before running your application in production.

2025-07-12T21:05:11.825+05:30  INFO 19632 --- [jwt-auth] [           main] r$InitializeUserDetailsManagerConfigurer : Global AuthenticationManager configured with UserDetailsService bean with name inMemoryUserDetailsManager
2025-07-12T21:05:12.018+05:30  INFO 19632 --- [jwt-auth] [           main] c.c.jwt_auth.JwtAuthApplicationTests     : Started JwtAuthApplicationTests in 2.301 seconds (process running for 3.783)
]]></system-out>
    <system-err><![CDATA[Mockito is currently self-attaching to enable the inline-mock-maker. This will no longer work in future releases of the JDK. Please add Mockito as an agent to your build as described in Mockito's documentation: https://javadoc.io/doc/org.mockito/mockito-core/latest/org.mockito/org/mockito/Mockito.html#0.3
WARNING: A Java agent has been loaded dynamically (C:\Users\sanja\.m2\repository\net\bytebuddy\byte-buddy-agent\1.17.6\byte-buddy-agent-1.17.6.jar)
WARNING: If a serviceability tool is in use, please run with -XX:+EnableDynamicAgentLoading to hide this warning
WARNING: If a serviceability tool is not in use, please run with -Djdk.instrument.traceUsage for more information
WARNING: Dynamic loading of agents will be disallowed by default in a future release
]]></system-err>
  </testcase>
</testsuite>